2025-04-26 01:13:40,681 - INFO - --- Starting Complete Pipeline Run --- Timestamp: 20250426_011340 ---
2025-04-26 01:13:40,682 - INFO - Pipeline Config: Combined FE, Scaling=True, FeatSelect=True (Thresh=mean), CV Thresh=0.72, n_jobs=16 used, Class Weights Enabled, Const Cols Kept
2025-04-26 01:13:40,682 - INFO - Logging detailed output to: logs/pipeline_run_20250426_011340.log
2025-04-26 01:13:40,683 - INFO - Loading data...
2025-04-26 01:13:40,748 - INFO - Train shape: (1280, 317), Test shape: (854, 316)
2025-04-26 01:13:40,748 - INFO - Found 39 unique states and 5 unique feature_1 values.
2025-04-26 01:13:40,748 - INFO - Preprocessing training data (using combined logic)...
2025-04-26 01:13:40,765 - INFO - Starting preprocessing (Combined Logic). Is training: True
2025-04-26 01:13:40,765 - INFO - Target 'salary_category' label encoded.
2025-04-26 01:13:40,765 - INFO - Saved label encoder and mapping.
2025-04-26 01:13:40,765 - INFO - Initial cleaning: Numerical and Boolean Features...
2025-04-26 01:13:40,831 - WARNING - Col 'feature_10' has non-0/1 vals (834). Treat as numeric, impute median.
2025-04-26 01:13:40,831 - INFO - Starting Feature Engineering...
2025-04-26 01:13:40,850 - INFO - Fit/saved TE for job_title_grouped
2025-04-26 01:13:40,864 - INFO - Processed 'job_title'.
2025-04-26 01:13:40,871 - INFO - Processed 'job_posted_date'.
2025-04-26 01:13:40,875 - INFO - Added bin f9.
2025-04-26 01:13:40,875 - INFO - Added: feature_2_9_interaction
2025-04-26 01:13:40,875 - INFO - Added transforms f2 (sq, sqrt, bin).
2025-04-26 01:13:40,881 - INFO - Added bool aggs.
2025-04-26 01:13:40,882 - INFO - Added: feature_10_8_interaction
2025-04-26 01:13:40,883 - INFO - Added new interactions: ['feat2_job_title_encoded', 'feat2_boolsum', 'feat2_recency', 'job_title_encoded_recency']
2025-04-26 01:13:40,932 - INFO - Applying PCA (n=15) to job desc...
2025-04-26 01:13:40,966 - INFO - Fit/saved PCA.
2025-04-26 01:13:40,966 - INFO - Finished job desc features.
2025-04-26 01:13:40,966 - INFO - Applying manual OHE for 'job_state' (39 unique).
2025-04-26 01:13:40,984 - INFO - Applying manual OHE for 'feature_1' (5 unique).
2025-04-26 01:13:40,984 - INFO - Final cleanup and column alignment...
2025-04-26 01:13:41,000 - WARNING - Col 'is_senior' constant (nunique=1) in train. Engineered: True. Keeping col.
2025-04-26 01:13:41,000 - WARNING - Col 'is_junior' constant (nunique=1) in train. Engineered: True. Keeping col.
2025-04-26 01:13:41,000 - WARNING - Col 'is_developer' constant (nunique=1) in train. Engineered: True. Keeping col.
2025-04-26 01:13:41,000 - WARNING - Col 'is_specialist' constant (nunique=1) in train. Engineered: True. Keeping col.
2025-04-26 01:13:41,000 - INFO - Eng col 'feature_9_bin' low card (nunique=2) in train.
2025-04-26 01:13:41,000 - INFO - Eng col 'state_GA' low card (nunique=2) in train.
2025-04-26 01:13:41,000 - INFO - Eng col 'state_MN' low card (nunique=2) in train.
2025-04-26 01:13:41,000 - INFO - Eng col 'state_LA' low card (nunique=2) in train.
2025-04-26 01:13:41,000 - INFO - Eng col 'state_NY' low card (nunique=2) in train.
2025-04-26 01:13:41,000 - WARNING - Col 'state_WY' constant (nunique=1) in train. Engineered: True. Keeping col.
2025-04-26 01:13:41,000 - INFO - Eng col 'state_OK' low card (nunique=2) in train.
2025-04-26 01:13:41,000 - INFO - Eng col 'state_SC' low card (nunique=2) in train.
2025-04-26 01:13:41,000 - INFO - Eng col 'state_AZ' low card (nunique=2) in train.
2025-04-26 01:13:41,000 - INFO - Eng col 'state_CT' low card (nunique=2) in train.
2025-04-26 01:13:41,000 - WARNING - Col 'state_RI' constant (nunique=1) in train. Engineered: True. Keeping col.
2025-04-26 01:13:41,000 - INFO - Eng col 'state_MI' low card (nunique=2) in train.
2025-04-26 01:13:41,000 - INFO - Eng col 'state_MA' low card (nunique=2) in train.
2025-04-26 01:13:41,000 - INFO - Eng col 'state_OH' low card (nunique=2) in train.
2025-04-26 01:13:41,000 - INFO - Eng col 'state_IA' low card (nunique=2) in train.
2025-04-26 01:13:41,000 - INFO - Eng col 'state_NJ' low card (nunique=2) in train.
2025-04-26 01:13:41,000 - INFO - Eng col 'state_SD' low card (nunique=2) in train.
2025-04-26 01:13:41,000 - INFO - Eng col 'state_AL' low card (nunique=2) in train.
2025-04-26 01:13:41,000 - INFO - Eng col 'state_AR' low card (nunique=2) in train.
2025-04-26 01:13:41,014 - INFO - Eng col 'state_NC' low card (nunique=2) in train.
2025-04-26 01:13:41,015 - INFO - Eng col 'state_WA' low card (nunique=2) in train.
2025-04-26 01:13:41,015 - INFO - Eng col 'state_MO' low card (nunique=2) in train.
2025-04-26 01:13:41,016 - INFO - Eng col 'state_FL' low card (nunique=2) in train.
2025-04-26 01:13:41,017 - INFO - Eng col 'state_IN' low card (nunique=2) in train.
2025-04-26 01:13:41,017 - INFO - Eng col 'state_CA' low card (nunique=2) in train.
2025-04-26 01:13:41,017 - INFO - Eng col 'state_KY' low card (nunique=2) in train.
2025-04-26 01:13:41,017 - INFO - Eng col 'state_DC' low card (nunique=2) in train.
2025-04-26 01:13:41,017 - INFO - Eng col 'state_TN' low card (nunique=2) in train.
2025-04-26 01:13:41,017 - INFO - Eng col 'state_OR' low card (nunique=2) in train.
2025-04-26 01:13:41,017 - INFO - Eng col 'state_VA' low card (nunique=2) in train.
2025-04-26 01:13:41,017 - WARNING - Col 'state_KS' constant (nunique=1) in train. Engineered: True. Keeping col.
2025-04-26 01:13:41,017 - INFO - Eng col 'state_TX' low card (nunique=2) in train.
2025-04-26 01:13:41,017 - INFO - Eng col 'state_PA' low card (nunique=2) in train.
2025-04-26 01:13:41,017 - INFO - Eng col 'state_NV' low card (nunique=2) in train.
2025-04-26 01:13:41,017 - INFO - Eng col 'state_IL' low card (nunique=2) in train.
2025-04-26 01:13:41,017 - INFO - Eng col 'state_AK' low card (nunique=2) in train.
2025-04-26 01:13:41,017 - INFO - Eng col 'state_UT' low card (nunique=2) in train.
2025-04-26 01:13:41,017 - INFO - Eng col 'state_NM' low card (nunique=2) in train.
2025-04-26 01:13:41,017 - INFO - Eng col 'state_CO' low card (nunique=2) in train.
2025-04-26 01:13:41,026 - INFO - Eng col 'state_MD' low card (nunique=2) in train.
2025-04-26 01:13:41,026 - INFO - Eng col 'feat1_C' low card (nunique=2) in train.
2025-04-26 01:13:41,026 - INFO - Eng col 'feat1_D' low card (nunique=2) in train.
2025-04-26 01:13:41,026 - INFO - Eng col 'feat1_B' low card (nunique=2) in train.
2025-04-26 01:13:41,028 - INFO - Eng col 'feat1_E' low card (nunique=2) in train.
2025-04-26 01:13:41,028 - INFO - Eng col 'feat1_A' low card (nunique=2) in train.
2025-04-26 01:13:41,028 - INFO - Saved 100 feature names (const cols NOT dropped).
2025-04-26 01:13:41,032 - INFO - Preprocessing train done. Shape: (1280, 100). Time: 0.27s
2025-04-26 01:13:41,033 - INFO - Train preprocess done. Initial Feats: 100
2025-04-26 01:13:41,033 - INFO - Splitting data (80/20)...
2025-04-26 01:13:41,033 - INFO - Train (Pre-scale): (1024, 100), Val (Pre-scale): (256, 100)
2025-04-26 01:13:41,033 - INFO - Applying StandardScaler...
2025-04-26 01:13:41,049 - INFO - Scaler saved: scalers/scaler_20250426_011340.joblib
2025-04-26 01:13:41,049 - INFO - Preprocessing test data (using combined logic)...
2025-04-26 01:13:41,049 - INFO - Starting preprocessing (Combined Logic). Is training: False
2025-04-26 01:13:41,049 - INFO - Loaded LE: label_encoder_20250426_011340.joblib
2025-04-26 01:13:41,049 - INFO - Initial cleaning: Numerical and Boolean Features...
2025-04-26 01:13:41,121 - WARNING - Col 'feature_10' has non-0/1 vals (540). Treat as numeric, impute median.
2025-04-26 01:13:41,121 - INFO - Starting Feature Engineering...
2025-04-26 01:13:41,149 - INFO - Loaded TE: features/job_title_encoder_20250426_011340.joblib
2025-04-26 01:13:41,150 - INFO - Processed 'job_title'.
2025-04-26 01:13:41,158 - INFO - Processed 'job_posted_date'.
2025-04-26 01:13:41,160 - INFO - Added bin f9.
2025-04-26 01:13:41,160 - INFO - Added: feature_2_9_interaction
2025-04-26 01:13:41,165 - INFO - Added transforms f2 (sq, sqrt, bin).
2025-04-26 01:13:41,167 - INFO - Added bool aggs.
2025-04-26 01:13:41,167 - INFO - Added: feature_10_8_interaction
2025-04-26 01:13:41,167 - INFO - Added new interactions: ['feat2_job_title_encoded', 'feat2_boolsum', 'feat2_recency', 'job_title_encoded_recency']
2025-04-26 01:13:41,200 - INFO - Applying PCA (n=15) to job desc...
2025-04-26 01:13:41,216 - INFO - Loaded PCA: features/job_desc_pca_20250426_011340.joblib
2025-04-26 01:13:41,232 - INFO - Finished job desc features.
2025-04-26 01:13:41,238 - INFO - Applying manual OHE for 'job_state' (39 unique).
2025-04-26 01:13:41,247 - INFO - Applying manual OHE for 'feature_1' (5 unique).
2025-04-26 01:13:41,249 - INFO - Final cleanup and column alignment...
2025-04-26 01:13:41,266 - INFO - Preprocessing test done. Shape: (854, 100). Time: 0.22s
2025-04-26 01:13:41,266 - INFO - Test columns aligned.
2025-04-26 01:13:41,266 - INFO - Scaling test data...
2025-04-26 01:13:41,266 - INFO - Test preprocess & scale done. Shape: (854, 100)
2025-04-26 01:13:41,266 - INFO - Performing feature selection (Threshold: mean)...
2025-04-26 01:13:41,266 - INFO - Fitting RF for feature selection...
2025-04-26 01:13:41,479 - INFO - Feat selection removed 60 features. Selected 40.
2025-04-26 01:13:41,481 - INFO - Selection applied to train/val/test partitions.
2025-04-26 01:13:41,481 - INFO - Data shapes post-scaling/selection: Train=(1024, 40), Val=(256, 40), Test=(854, 40)
2025-04-26 01:13:41,481 - INFO - Number of features used in modeling: 40
2025-04-26 01:13:41,481 - INFO - --- Optimizing models (Class Weights Enabled Where Applicable) ---
2025-04-26 01:13:41,481 - INFO - Minimum CV score threshold for qualification: 0.72
2025-04-26 01:13:41,481 - INFO - Optimization Order: ['adaboost', 'randomforest', 'extratrees', 'gradientboosting', 'catboost', 'xgboost', 'lightgbm']
2025-04-26 01:13:41,481 - INFO - --- Optimizing adaboost (200 trials) ---
2025-04-26 01:13:41,481 - INFO - Starting adaboost optimization (200 trials)...
2025-04-26 01:13:41,481 - INFO - Optuna timeout for adaboost: 3600s.
2025-04-26 01:13:42,216 - INFO - Setting Optuna timeout 3600s.
